#
# There is insufficient memory for the Java Runtime Environment to continue.
# Native memory allocation (malloc) failed to allocate 1048576 bytes for AllocateHeap
# Possible reasons:
#   The system is out of physical RAM or swap space
#   In 32 bit mode, the process size limit was hit
# Possible solutions:
#   Reduce memory load on the system
#   Increase physical memory or swap space
#   Check if swap backing store is full
#   Use 64 bit Java on a 64 bit OS
#   Decrease Java heap size (-Xmx/-Xms)
#   Decrease number of Java threads
#   Decrease Java thread stack sizes (-Xss)
#   Set larger code cache with -XX:ReservedCodeCacheSize=
# This output file may be truncated or incomplete.
#
#  Out of Memory Error (memory/allocation.inline.hpp:62), pid=112, tid=7452
#
# JRE version:  (8.0_31-b13) (build )
# Java VM: Java HotSpot(TM) 64-Bit Server VM (25.31-b07 mixed mode windows-amd64 compressed oops)
# Failed to write core dump. Minidumps are not enabled by default on client versions of Windows
#

---------------  T H R E A D  ---------------

Current thread (0x0000000002d40800):  JavaThread "Unknown thread" [_thread_in_vm, id=7452, stack(0x0000000002b80000,0x0000000002c80000)]

Stack: [0x0000000002b80000,0x0000000002c80000]
[error occurred during error reporting (printing stack bounds), id 0xc0000005]

Native frames: (J=compiled Java code, j=interpreted, Vv=VM code, C=native code)
V  [jvm.dll+0x3169ba]
V  [jvm.dll+0x2674c3]
V  [jvm.dll+0x268103]
V  [jvm.dll+0x2885c4]
C  [KERNELBASE.dll+0x702ce]
C  [ntdll.dll+0x98992]
C  [ntdll.dll+0x83f66]
C  [ntdll.dll+0x9633d]
C  [ntdll.dll+0x13c00]
C  [ntdll.dll+0x9544a]
V  [jvm.dll+0x206c01]


---------------  P R O C E S S  ---------------

Java Threads: ( => current thread )

Other Threads:

=>0x0000000002d40800 (exited) JavaThread "Unknown thread" [_thread_in_vm, id=7452, stack(0x0000000002b80000,0x0000000002c80000)]

VM state:not at safepoint (normal execution)

VM Mutex/Monitor currently owned by a thread: None

Heap:
 PSYoungGen      total 28672K, used 491K [0x00000000eab00000, 0x00000000ecb00000, 0x0000000100000000)
  eden space 24576K, 2% used [0x00000000eab00000,0x00000000eab7ae20,0x00000000ec300000)
  from space 4096K, 0% used [0x00000000ec700000,0x00000000ec700000,0x00000000ecb00000)
  to   space 4096K, 0% used [0x00000000ec300000,0x00000000ec300000,0x00000000ec700000)
 ParOldGen       total 65536K, used 0K [0x00000000c0000000, 0x00000000c4000000, 0x00000000eab00000)
  object space 65536K, 0% used [0x00000000c0000000,0x00000000c0000000,0x00000000c4000000)
 Metaspace       used 677K, capacity 4480K, committed 4480K, reserved 1056768K
  class space    used 67K, capacity 384K, committed 384K, reserved 1048576K

Card table byte_map: [0x0000000012200000,0x0000000012410000] byte_map_base: 0x0000000011c00000

Marking Bits: (ParMarkBitMap*) 0x000000006d58d4f0
 Begin Bits: [0x0000000012970000, 0x0000000013970000)
 End Bits:   [0x0000000013970000, 0x0000000014970000)

Polling page: 0x0000000000ec0000

CodeCache: size=245760Kb used=327Kb max_used=327Kb free=245432Kb
 bounds [0x0000000002e40000, 0x00000000030b0000, 0x0000000011e40000]
 total_blobs=56 nmethods=0 adapters=37
 compilation: enabled

Compilation events (0 events):
No events

GC Heap History (0 events):
No events

Deoptimization events (0 events):
No events

Internal exceptions (0 events):
No events

Events (10 events):
Event: 0.019 loading class java/lang/Short
Event: 0.019 loading class java/lang/Short done
Event: 0.019 loading class java/lang/Integer
Event: 0.019 loading class java/lang/Integer done
Event: 0.019 loading class java/lang/Long
Event: 0.019 loading class java/lang/Long done
Event: 0.019 loading class java/lang/NullPointerException
Event: 0.020 loading class java/lang/NullPointerException done
Event: 0.020 loading class java/lang/ArithmeticException
Event: 0.020 loading class java/lang/ArithmeticException done


Dynamic libraries:
0x00007ff72f8f0000 - 0x00007ff72f924000 	C:\Program Files\Java\jdk1.8.0_31\bin\java.exe
0x00007ff833c90000 - 0x00007ff833e51000 	C:\Windows\SYSTEM32\ntdll.dll
0x00007ff831780000 - 0x00007ff83182d000 	C:\Windows\system32\KERNEL32.DLL
0x00007ff830880000 - 0x00007ff830a5d000 	C:\Windows\system32\KERNELBASE.dll
0x00007ff831360000 - 0x00007ff831406000 	C:\Windows\system32\ADVAPI32.dll
0x00007ff831410000 - 0x00007ff8314ad000 	C:\Windows\system32\msvcrt.dll
0x00007ff831570000 - 0x00007ff8315cb000 	C:\Windows\system32\sechost.dll
0x00007ff831bb0000 - 0x00007ff831cd6000 	C:\Windows\system32\RPCRT4.dll
0x00007ff831a60000 - 0x00007ff831bae000 	C:\Windows\system32\USER32.dll
0x00007ff8335c0000 - 0x00007ff833746000 	C:\Windows\system32\GDI32.dll
0x00007ff825700000 - 0x00007ff825974000 	C:\Windows\WinSxS\amd64_microsoft.windows.common-controls_6595b64144ccf1df_6.0.10240.16384_none_f41f7b285750ef43\COMCTL32.dll
0x00007ff833970000 - 0x00007ff8339a6000 	C:\Windows\system32\IMM32.DLL
0x00007ff833800000 - 0x00007ff83395c000 	C:\Windows\system32\MSCTF.dll
0x00007ff8305b0000 - 0x00007ff8305e1000 	C:\Windows\system32\nvinitx.dll
0x00007ff8305a0000 - 0x00007ff8305aa000 	C:\Windows\SYSTEM32\VERSION.dll
0x000000006ccd0000 - 0x000000006cda2000 	C:\Program Files\Java\jdk1.8.0_31\jre\bin\msvcr100.dll
0x000000006cdb0000 - 0x000000006d60a000 	C:\Program Files\Java\jdk1.8.0_31\jre\bin\server\jvm.dll
0x00007ff833960000 - 0x00007ff833968000 	C:\Windows\system32\PSAPI.DLL
0x00007ff825f30000 - 0x00007ff825f39000 	C:\Windows\SYSTEM32\WSOCK32.dll
0x00007ff82ecc0000 - 0x00007ff82ece3000 	C:\Windows\SYSTEM32\WINMM.dll
0x00007ff8319f0000 - 0x00007ff831a59000 	C:\Windows\system32\WS2_32.dll
0x00007ff831970000 - 0x00007ff831978000 	C:\Windows\system32\NSI.dll
0x00007ff82ec90000 - 0x00007ff82ecbc000 	C:\Windows\SYSTEM32\WINMMBASE.dll
0x00007ff831090000 - 0x00007ff8310d4000 	C:\Windows\system32\cfgmgr32.dll
0x00007ff82ef40000 - 0x00007ff82ef67000 	C:\Windows\SYSTEM32\DEVOBJ.dll
0x000000006ccc0000 - 0x000000006cccf000 	C:\Program Files\Java\jdk1.8.0_31\jre\bin\verify.dll
0x000000006cc90000 - 0x000000006ccb8000 	C:\Program Files\Java\jdk1.8.0_31\jre\bin\java.dll
0x000000006cc70000 - 0x000000006cc86000 	C:\Program Files\Java\jdk1.8.0_31\jre\bin\zip.dll
0x00007ff82a0e0000 - 0x00007ff82a26a000 	C:\Windows\SYSTEM32\dbghelp.dll

VM Arguments:
jvm_args: -Xmx1024M -Dfile.encoding=GBK -Duser.country=CN -Duser.language=zh -Duser.variant 
java_command: com.android.dx.command.Main --dex --output D:\Android\Weather\app\build\intermediates\dex\debug D:\Android\Weather\app\build\intermediates\classes\debug D:\Android\Weather\app\build\intermediates\pre-dexed\debug\gson-2.2.4-1e5a88ab5b18329d64edce6be858f95e585e3e53.jar
java_class_path (initial): C:\Users\mj\AppData\Local\Android\sdk\build-tools\23.0.1\lib\dx.jar
Launcher Type: SUN_STANDARD

Environment Variables:
JAVA_HOME=C:\Program Files\Java\jdk1.8.0_31
CLASSPATH=.;C:\Program Files\Java\jdk1.8.0_31\lib\;C:\Program Files\apache-tomcat-7.0.63-windows-x64\apache-tomcat-7.0.63\lib;
PATH=C:\ProgramData\Oracle\Java\javapath;C:\Python27\;C:\Python27\Scripts;C:\Windows\system32;C:\Windows;C:\Windows\System32\Wbem;C:\Windows\System32\WindowsPowerShell\v1.0\;C:\Program Files\Java\jdk1.8.0_31;C:\Program Files\Java\jdk1.8.0_31\bin;C:\Program Files (x86)\MySQL\MySQL Fabric 1.5.4 & MySQL Utilities 1.5.4 1.5\;C:\Program Files (x86)\MySQL\MySQL Fabric 1.5.4 & MySQL Utilities 1.5.4 1.5\Doctrine extensions for PHP\;
USERNAME=mj
OS=Windows_NT
PROCESSOR_IDENTIFIER=Intel64 Family 6 Model 42 Stepping 7, GenuineIntel



---------------  S Y S T E M  ---------------

OS: Windows 8.1 , 64 bit Build 9600 

CPU:total 4 (2 cores per cpu, 2 threads per core) family 6 model 42 stepping 7, cmov, cx8, fxsr, mmx, sse, sse2, sse3, ssse3, sse4.1, sse4.2, popcnt, avx, aes, clmul, ht, tsc, tscinvbit

Memory: 4k page, physical 6238044k(1150720k free), swap 6238044k(4644k free)

vm_info: Java HotSpot(TM) 64-Bit Server VM (25.31-b07) for windows-amd64 JRE (1.8.0_31-b13), built on Dec 17 2014 21:00:28 by "java_re" with MS VC++ 10.0 (VS2010)

time: Fri Nov 13 09:37:40 2015
elapsed time: 0 seconds (0d 0h 0m 0s)

